<?xml version="1.0" encoding="utf-8"?><testsuites name="pytest tests"><testsuite name="pytest" errors="0" failures="0" skipped="0" tests="14" time="6.635" timestamp="2026-06-04T05:42:52.659470+00:00" hostname="agent-env-95fce0b2-a1f7-4b50-80aa-1d7294ed3ea6"><testcase classname="backend.tests.test_api.TestAuth" name="test_login_success" time="0.786" /><testcase classname="backend.tests.test_api.TestAuth" name="test_login_invalid" time="0.653" /><testcase classname="backend.tests.test_api.TestAuth" name="test_me_unauthenticated" time="0.231" /><testcase classname="backend.tests.test_api.TestAuth" name="test_me_authenticated" time="0.660" /><testcase classname="backend.tests.test_api.TestAuth" name="test_logout" time="0.657" /><testcase classname="backend.tests.test_api.TestTutorials" name="test_list_tutorials_public" time="0.250" /><testcase classname="backend.tests.test_api.TestTutorials" name="test_create_requires_auth" time="0.194" /><testcase classname="backend.tests.test_api.TestTutorials" name="test_create_and_get" time="0.788" /><testcase classname="backend.tests.test_api.TestTutorials" name="test_delete_requires_auth" time="0.177" /><testcase classname="backend.tests.test_api.TestTutorials" name="test_delete_nonexistent" time="0.066" /><testcase classname="backend.tests.test_api.TestSearch" name="test_search_basic" time="0.485" /><testcase classname="backend.tests.test_api.TestSearch" name="test_search_empty_query" time="0.552" /><testcase classname="backend.tests.test_api.TestFiles" name="test_get_pdf" time="0.562" /><testcase classname="backend.tests.test_api.TestFiles" name="test_get_pdf_not_found" time="0.270" /></testsuite></testsuites>